<?xml version="1.0" encoding="UTF-8"?>
<!-- Generated by org.testng.reporters.JUnitReportReporter -->
<testsuite hostname="Neeta-Toronto" failures="0" tests="4" name="apiTest.UserTests" time="5.063" errors="0" timestamp="2023-12-06T19:23:00 EST" skipped="0">
  <testcase classname="apiTest.UserTests" name="testPOSTUser" time="2.619"/>
  <testcase classname="apiTest.UserTests" name="testGETUser" time="0.738"/>
  <testcase classname="apiTest.UserTests" name="testUPDATEUser" time="1.121"/>
  <testcase classname="apiTest.UserTests" name="testDELETEuser" time="0.585"/>
</testsuite> <!-- apiTest.UserTests -->
